2014/06/15 16:28:29 [error] [php] Creating default object from empty value (C:\xampp\htdocs\autodiagnostico205\sars\protected\controllers\CargaController.php:10)
Stack trace:
#0 C:\xampp\htdocs\autodiagnostico205\limesurvey\framework\web\CController.php(286): CargaController->runAction()
#1 C:\xampp\htdocs\autodiagnostico205\limesurvey\framework\web\CController.php(265): CargaController->runActionWithFilters()
#2 C:\xampp\htdocs\autodiagnostico205\limesurvey\framework\web\CWebApplication.php(282): CargaController->run()
#3 C:\xampp\htdocs\autodiagnostico205\limesurvey\framework\web\CWebApplication.php(141): CWebApplication->runController()
#4 C:\xampp\htdocs\autodiagnostico205\limesurvey\framework\base\CApplication.php(180): CWebApplication->processRequest()
#5 C:\xampp\htdocs\autodiagnostico205\sars\index.php(13): CWebApplication->run()
REQUEST_URI=/autodiagnostico205/sars/index.php/carga/index
in C:\xampp\htdocs\autodiagnostico205\sars\protected\controllers\CargaController.php (10)
in C:\xampp\htdocs\autodiagnostico205\sars\index.php (13)
2014/06/15 16:43:57 [error] [system.db.CDbCommand] CDbCommand::fetchAll() failed: SQLSTATE[42S02]: Base table or view not found: 1146 Table 'autodiagnostico205.file' doesn't exist. The SQL statement executed was: SHOW FULL COLUMNS FROM `File`.
in C:\xampp\htdocs\autodiagnostico205\sars\protected\controllers\CargaController.php (29)
in C:\xampp\htdocs\autodiagnostico205\sars\index.php (13)
2014/06/15 16:43:57 [error] [exception.CDbException] exception 'CDbException' with message 'The table "File" for active record class "File" cannot be found in the database.' in C:\xampp\htdocs\autodiagnostico205\limesurvey\framework\db\ar\CActiveRecord.php:2362
Stack trace:
#0 C:\xampp\htdocs\autodiagnostico205\limesurvey\framework\db\ar\CActiveRecord.php(411): CActiveRecordMetaData->__construct(Object(File))
#1 C:\xampp\htdocs\autodiagnostico205\limesurvey\framework\db\ar\CActiveRecord.php(79): CActiveRecord->getMetaData()
#2 C:\xampp\htdocs\autodiagnostico205\sars\protected\controllers\CargaController.php(29): CActiveRecord->__construct()
#3 C:\xampp\htdocs\autodiagnostico205\limesurvey\framework\web\actions\CInlineAction.php(49): CargaController->actionCarga()
#4 C:\xampp\htdocs\autodiagnostico205\limesurvey\framework\web\CController.php(308): CInlineAction->runWithParams(Array)
#5 C:\xampp\htdocs\autodiagnostico205\limesurvey\framework\web\CController.php(286): CController->runAction(Object(CInlineAction))
#6 C:\xampp\htdocs\autodiagnostico205\limesurvey\framework\web\CController.php(265): CController->runActionWithFilters(Object(CInlineAction), Array)
#7 C:\xampp\htdocs\autodiagnostico205\limesurvey\framework\web\CWebApplication.php(282): CController->run('carga')
#8 C:\xampp\htdocs\autodiagnostico205\limesurvey\framework\web\CWebApplication.php(141): CWebApplication->runController('carga/carga')
#9 C:\xampp\htdocs\autodiagnostico205\limesurvey\framework\base\CApplication.php(180): CWebApplication->processRequest()
#10 C:\xampp\htdocs\autodiagnostico205\sars\index.php(13): CApplication->run()
#11 {main}
REQUEST_URI=/autodiagnostico205/sars/index.php/carga/carga
---
2014/06/15 16:44:24 [error] [system.db.CDbCommand] CDbCommand::fetchAll() failed: SQLSTATE[42S02]: Base table or view not found: 1146 Table 'autodiagnostico205.file' doesn't exist. The SQL statement executed was: SHOW FULL COLUMNS FROM `File`.
in C:\xampp\htdocs\autodiagnostico205\sars\protected\controllers\CargaController.php (29)
in C:\xampp\htdocs\autodiagnostico205\sars\index.php (13)
2014/06/15 16:44:24 [error] [exception.CDbException] exception 'CDbException' with message 'The table "File" for active record class "File" cannot be found in the database.' in C:\xampp\htdocs\autodiagnostico205\limesurvey\framework\db\ar\CActiveRecord.php:2362
Stack trace:
#0 C:\xampp\htdocs\autodiagnostico205\limesurvey\framework\db\ar\CActiveRecord.php(411): CActiveRecordMetaData->__construct(Object(File))
#1 C:\xampp\htdocs\autodiagnostico205\limesurvey\framework\db\ar\CActiveRecord.php(79): CActiveRecord->getMetaData()
#2 C:\xampp\htdocs\autodiagnostico205\sars\protected\controllers\CargaController.php(29): CActiveRecord->__construct()
#3 C:\xampp\htdocs\autodiagnostico205\limesurvey\framework\web\actions\CInlineAction.php(49): CargaController->actionCarga()
#4 C:\xampp\htdocs\autodiagnostico205\limesurvey\framework\web\CController.php(308): CInlineAction->runWithParams(Array)
#5 C:\xampp\htdocs\autodiagnostico205\limesurvey\framework\web\CController.php(286): CController->runAction(Object(CInlineAction))
#6 C:\xampp\htdocs\autodiagnostico205\limesurvey\framework\web\CController.php(265): CController->runActionWithFilters(Object(CInlineAction), Array)
#7 C:\xampp\htdocs\autodiagnostico205\limesurvey\framework\web\CWebApplication.php(282): CController->run('carga')
#8 C:\xampp\htdocs\autodiagnostico205\limesurvey\framework\web\CWebApplication.php(141): CWebApplication->runController('carga/carga')
#9 C:\xampp\htdocs\autodiagnostico205\limesurvey\framework\base\CApplication.php(180): CWebApplication->processRequest()
#10 C:\xampp\htdocs\autodiagnostico205\sars\index.php(13): CApplication->run()
#11 {main}
REQUEST_URI=/autodiagnostico205/sars/index.php/carga/carga
---
2014/06/15 16:52:43 [warning] [application] Failed to set unsafe attribute "name" of "File".
in C:\xampp\htdocs\autodiagnostico205\sars\protected\controllers\CargaController.php (33)
in C:\xampp\htdocs\autodiagnostico205\sars\index.php (13)
2014/06/15 16:52:43 [warning] [application] Failed to set unsafe attribute "type" of "File".
in C:\xampp\htdocs\autodiagnostico205\sars\protected\controllers\CargaController.php (33)
in C:\xampp\htdocs\autodiagnostico205\sars\index.php (13)
2014/06/15 16:52:43 [warning] [application] Failed to set unsafe attribute "tmp_name" of "File".
in C:\xampp\htdocs\autodiagnostico205\sars\protected\controllers\CargaController.php (33)
in C:\xampp\htdocs\autodiagnostico205\sars\index.php (13)
2014/06/15 16:52:43 [warning] [application] Failed to set unsafe attribute "error" of "File".
in C:\xampp\htdocs\autodiagnostico205\sars\protected\controllers\CargaController.php (33)
in C:\xampp\htdocs\autodiagnostico205\sars\index.php (13)
2014/06/15 16:52:43 [warning] [application] Failed to set unsafe attribute "size" of "File".
in C:\xampp\htdocs\autodiagnostico205\sars\protected\controllers\CargaController.php (33)
in C:\xampp\htdocs\autodiagnostico205\sars\index.php (13)
2014/06/15 16:58:23 [warning] [application] Failed to set unsafe attribute "name" of "File".
in C:\xampp\htdocs\autodiagnostico205\sars\protected\controllers\CargaController.php (33)
in C:\xampp\htdocs\autodiagnostico205\sars\index.php (13)
2014/06/15 16:58:23 [warning] [application] Failed to set unsafe attribute "type" of "File".
in C:\xampp\htdocs\autodiagnostico205\sars\protected\controllers\CargaController.php (33)
in C:\xampp\htdocs\autodiagnostico205\sars\index.php (13)
2014/06/15 16:58:23 [warning] [application] Failed to set unsafe attribute "tmp_name" of "File".
in C:\xampp\htdocs\autodiagnostico205\sars\protected\controllers\CargaController.php (33)
in C:\xampp\htdocs\autodiagnostico205\sars\index.php (13)
2014/06/15 16:58:23 [warning] [application] Failed to set unsafe attribute "error" of "File".
in C:\xampp\htdocs\autodiagnostico205\sars\protected\controllers\CargaController.php (33)
in C:\xampp\htdocs\autodiagnostico205\sars\index.php (13)
2014/06/15 16:58:23 [warning] [application] Failed to set unsafe attribute "size" of "File".
in C:\xampp\htdocs\autodiagnostico205\sars\protected\controllers\CargaController.php (33)
in C:\xampp\htdocs\autodiagnostico205\sars\index.php (13)
2014/06/15 17:07:30 [warning] [application] Failed to set unsafe attribute "name" of "File".
in C:\xampp\htdocs\autodiagnostico205\sars\protected\controllers\CargaController.php (33)
in C:\xampp\htdocs\autodiagnostico205\sars\index.php (13)
2014/06/15 17:07:30 [warning] [application] Failed to set unsafe attribute "type" of "File".
in C:\xampp\htdocs\autodiagnostico205\sars\protected\controllers\CargaController.php (33)
in C:\xampp\htdocs\autodiagnostico205\sars\index.php (13)
2014/06/15 17:07:30 [warning] [application] Failed to set unsafe attribute "tmp_name" of "File".
in C:\xampp\htdocs\autodiagnostico205\sars\protected\controllers\CargaController.php (33)
in C:\xampp\htdocs\autodiagnostico205\sars\index.php (13)
2014/06/15 17:07:30 [warning] [application] Failed to set unsafe attribute "error" of "File".
in C:\xampp\htdocs\autodiagnostico205\sars\protected\controllers\CargaController.php (33)
in C:\xampp\htdocs\autodiagnostico205\sars\index.php (13)
2014/06/15 17:07:30 [warning] [application] Failed to set unsafe attribute "size" of "File".
in C:\xampp\htdocs\autodiagnostico205\sars\protected\controllers\CargaController.php (33)
in C:\xampp\htdocs\autodiagnostico205\sars\index.php (13)
2014/06/15 17:08:08 [error] [exception.CException] exception 'CException' with message 'Property "File.tempName" is not defined.' in C:\xampp\htdocs\autodiagnostico205\limesurvey\framework\base\CComponent.php:130
Stack trace:
#0 C:\xampp\htdocs\autodiagnostico205\sars\protected\controllers\CargaController.php(37): CComponent->__get('tempName')
#1 C:\xampp\htdocs\autodiagnostico205\limesurvey\framework\web\actions\CInlineAction.php(49): CargaController->actionCarga()
#2 C:\xampp\htdocs\autodiagnostico205\limesurvey\framework\web\CController.php(308): CInlineAction->runWithParams(Array)
#3 C:\xampp\htdocs\autodiagnostico205\limesurvey\framework\web\CController.php(286): CController->runAction(Object(CInlineAction))
#4 C:\xampp\htdocs\autodiagnostico205\limesurvey\framework\web\CController.php(265): CController->runActionWithFilters(Object(CInlineAction), Array)
#5 C:\xampp\htdocs\autodiagnostico205\limesurvey\framework\web\CWebApplication.php(282): CController->run('carga')
#6 C:\xampp\htdocs\autodiagnostico205\limesurvey\framework\web\CWebApplication.php(141): CWebApplication->runController('carga/carga')
#7 C:\xampp\htdocs\autodiagnostico205\limesurvey\framework\base\CApplication.php(180): CWebApplication->processRequest()
#8 C:\xampp\htdocs\autodiagnostico205\sars\index.php(13): CApplication->run()
#9 {main}
REQUEST_URI=/autodiagnostico205/sars/index.php/carga/carga
HTTP_REFERER=http://localhost/autodiagnostico205/sars/index.php/carga/carga
---
2014/06/15 17:08:48 [warning] [application] Failed to set unsafe attribute "name" of "File".
in C:\xampp\htdocs\autodiagnostico205\sars\protected\controllers\CargaController.php (33)
in C:\xampp\htdocs\autodiagnostico205\sars\index.php (13)
2014/06/15 17:08:48 [warning] [application] Failed to set unsafe attribute "type" of "File".
in C:\xampp\htdocs\autodiagnostico205\sars\protected\controllers\CargaController.php (33)
in C:\xampp\htdocs\autodiagnostico205\sars\index.php (13)
2014/06/15 17:08:48 [warning] [application] Failed to set unsafe attribute "tmp_name" of "File".
in C:\xampp\htdocs\autodiagnostico205\sars\protected\controllers\CargaController.php (33)
in C:\xampp\htdocs\autodiagnostico205\sars\index.php (13)
2014/06/15 17:08:48 [warning] [application] Failed to set unsafe attribute "error" of "File".
in C:\xampp\htdocs\autodiagnostico205\sars\protected\controllers\CargaController.php (33)
in C:\xampp\htdocs\autodiagnostico205\sars\index.php (13)
2014/06/15 17:08:48 [warning] [application] Failed to set unsafe attribute "size" of "File".
in C:\xampp\htdocs\autodiagnostico205\sars\protected\controllers\CargaController.php (33)
in C:\xampp\htdocs\autodiagnostico205\sars\index.php (13)
2014/06/15 17:10:09 [warning] [application] Failed to set unsafe attribute "name" of "File".
in C:\xampp\htdocs\autodiagnostico205\sars\protected\controllers\CargaController.php (33)
in C:\xampp\htdocs\autodiagnostico205\sars\index.php (13)
2014/06/15 17:10:09 [warning] [application] Failed to set unsafe attribute "type" of "File".
in C:\xampp\htdocs\autodiagnostico205\sars\protected\controllers\CargaController.php (33)
in C:\xampp\htdocs\autodiagnostico205\sars\index.php (13)
2014/06/15 17:10:09 [warning] [application] Failed to set unsafe attribute "tmp_name" of "File".
in C:\xampp\htdocs\autodiagnostico205\sars\protected\controllers\CargaController.php (33)
in C:\xampp\htdocs\autodiagnostico205\sars\index.php (13)
2014/06/15 17:10:09 [warning] [application] Failed to set unsafe attribute "error" of "File".
in C:\xampp\htdocs\autodiagnostico205\sars\protected\controllers\CargaController.php (33)
in C:\xampp\htdocs\autodiagnostico205\sars\index.php (13)
2014/06/15 17:10:09 [warning] [application] Failed to set unsafe attribute "size" of "File".
in C:\xampp\htdocs\autodiagnostico205\sars\protected\controllers\CargaController.php (33)
in C:\xampp\htdocs\autodiagnostico205\sars\index.php (13)
2014/06/15 17:15:33 [warning] [application] Failed to set unsafe attribute "name" of "File".
in C:\xampp\htdocs\autodiagnostico205\sars\protected\controllers\CargaController.php (33)
in C:\xampp\htdocs\autodiagnostico205\sars\index.php (13)
2014/06/15 17:15:33 [warning] [application] Failed to set unsafe attribute "type" of "File".
in C:\xampp\htdocs\autodiagnostico205\sars\protected\controllers\CargaController.php (33)
in C:\xampp\htdocs\autodiagnostico205\sars\index.php (13)
2014/06/15 17:15:33 [warning] [application] Failed to set unsafe attribute "tmp_name" of "File".
in C:\xampp\htdocs\autodiagnostico205\sars\protected\controllers\CargaController.php (33)
in C:\xampp\htdocs\autodiagnostico205\sars\index.php (13)
2014/06/15 17:15:33 [warning] [application] Failed to set unsafe attribute "error" of "File".
in C:\xampp\htdocs\autodiagnostico205\sars\protected\controllers\CargaController.php (33)
in C:\xampp\htdocs\autodiagnostico205\sars\index.php (13)
2014/06/15 17:15:33 [warning] [application] Failed to set unsafe attribute "size" of "File".
in C:\xampp\htdocs\autodiagnostico205\sars\protected\controllers\CargaController.php (33)
in C:\xampp\htdocs\autodiagnostico205\sars\index.php (13)
2014/06/15 17:15:33 [error] [exception.CException] exception 'CException' with message 'Property "CUploadedFile._tempName" is not defined.' in C:\xampp\htdocs\autodiagnostico205\limesurvey\framework\base\CComponent.php:130
Stack trace:
#0 C:\xampp\htdocs\autodiagnostico205\sars\protected\controllers\CargaController.php(37): CComponent->__get('_tempName')
#1 C:\xampp\htdocs\autodiagnostico205\limesurvey\framework\web\actions\CInlineAction.php(49): CargaController->actionCarga()
#2 C:\xampp\htdocs\autodiagnostico205\limesurvey\framework\web\CController.php(308): CInlineAction->runWithParams(Array)
#3 C:\xampp\htdocs\autodiagnostico205\limesurvey\framework\web\CController.php(286): CController->runAction(Object(CInlineAction))
#4 C:\xampp\htdocs\autodiagnostico205\limesurvey\framework\web\CController.php(265): CController->runActionWithFilters(Object(CInlineAction), Array)
#5 C:\xampp\htdocs\autodiagnostico205\limesurvey\framework\web\CWebApplication.php(282): CController->run('carga')
#6 C:\xampp\htdocs\autodiagnostico205\limesurvey\framework\web\CWebApplication.php(141): CWebApplication->runController('carga/carga')
#7 C:\xampp\htdocs\autodiagnostico205\limesurvey\framework\base\CApplication.php(180): CWebApplication->processRequest()
#8 C:\xampp\htdocs\autodiagnostico205\sars\index.php(13): CApplication->run()
#9 {main}
REQUEST_URI=/autodiagnostico205/sars/index.php/carga/carga
HTTP_REFERER=http://localhost/autodiagnostico205/sars/index.php/carga/carga
---
2014/06/15 17:23:30 [error] [php] Missing argument 1 for CUploadedFile::getInstance(), called in C:\xampp\htdocs\autodiagnostico205\sars\protected\controllers\CargaController.php on line 12 and defined (C:\xampp\htdocs\autodiagnostico205\limesurvey\framework\web\CUploadedFile.php:57)
Stack trace:
#0 C:\xampp\htdocs\autodiagnostico205\limesurvey\framework\web\CController.php(308): CInlineAction->runWithParams()
#1 C:\xampp\htdocs\autodiagnostico205\limesurvey\framework\web\CController.php(286): CargaController->runAction()
#2 C:\xampp\htdocs\autodiagnostico205\limesurvey\framework\web\CController.php(265): CargaController->runActionWithFilters()
#3 C:\xampp\htdocs\autodiagnostico205\limesurvey\framework\web\CWebApplication.php(282): CargaController->run()
#4 C:\xampp\htdocs\autodiagnostico205\limesurvey\framework\web\CWebApplication.php(141): CWebApplication->runController()
#5 C:\xampp\htdocs\autodiagnostico205\limesurvey\framework\base\CApplication.php(180): CWebApplication->processRequest()
#6 C:\xampp\htdocs\autodiagnostico205\sars\index.php(13): CWebApplication->run()
REQUEST_URI=/autodiagnostico205/sars/index.php/carga/index
in C:\xampp\htdocs\autodiagnostico205\sars\protected\controllers\CargaController.php (12)
in C:\xampp\htdocs\autodiagnostico205\sars\index.php (13)
2014/06/15 17:24:33 [error] [php] Trying to get property of non-object (C:\xampp\htdocs\autodiagnostico205\sars\protected\controllers\CargaController.php:14)
Stack trace:
#0 C:\xampp\htdocs\autodiagnostico205\limesurvey\framework\web\CController.php(286): CargaController->runAction()
#1 C:\xampp\htdocs\autodiagnostico205\limesurvey\framework\web\CController.php(265): CargaController->runActionWithFilters()
#2 C:\xampp\htdocs\autodiagnostico205\limesurvey\framework\web\CWebApplication.php(282): CargaController->run()
#3 C:\xampp\htdocs\autodiagnostico205\limesurvey\framework\web\CWebApplication.php(141): CWebApplication->runController()
#4 C:\xampp\htdocs\autodiagnostico205\limesurvey\framework\base\CApplication.php(180): CWebApplication->processRequest()
#5 C:\xampp\htdocs\autodiagnostico205\sars\index.php(13): CWebApplication->run()
REQUEST_URI=/autodiagnostico205/sars/index.php/carga/index
in C:\xampp\htdocs\autodiagnostico205\sars\protected\controllers\CargaController.php (14)
in C:\xampp\htdocs\autodiagnostico205\sars\index.php (13)
2014/06/15 17:26:12 [error] [php] Trying to get property of non-object (C:\xampp\htdocs\autodiagnostico205\sars\protected\controllers\CargaController.php:14)
Stack trace:
#0 C:\xampp\htdocs\autodiagnostico205\limesurvey\framework\web\CController.php(286): CargaController->runAction()
#1 C:\xampp\htdocs\autodiagnostico205\limesurvey\framework\web\CController.php(265): CargaController->runActionWithFilters()
#2 C:\xampp\htdocs\autodiagnostico205\limesurvey\framework\web\CWebApplication.php(282): CargaController->run()
#3 C:\xampp\htdocs\autodiagnostico205\limesurvey\framework\web\CWebApplication.php(141): CWebApplication->runController()
#4 C:\xampp\htdocs\autodiagnostico205\limesurvey\framework\base\CApplication.php(180): CWebApplication->processRequest()
#5 C:\xampp\htdocs\autodiagnostico205\sars\index.php(13): CWebApplication->run()
REQUEST_URI=/autodiagnostico205/sars/index.php/carga/index
in C:\xampp\htdocs\autodiagnostico205\sars\protected\controllers\CargaController.php (14)
in C:\xampp\htdocs\autodiagnostico205\sars\index.php (13)
2014/06/15 17:26:50 [error] [php] Undefined index: tempName (C:\xampp\htdocs\autodiagnostico205\sars\protected\controllers\CargaController.php:11)
Stack trace:
#0 C:\xampp\htdocs\autodiagnostico205\limesurvey\framework\web\CController.php(286): CargaController->runAction()
#1 C:\xampp\htdocs\autodiagnostico205\limesurvey\framework\web\CController.php(265): CargaController->runActionWithFilters()
#2 C:\xampp\htdocs\autodiagnostico205\limesurvey\framework\web\CWebApplication.php(282): CargaController->run()
#3 C:\xampp\htdocs\autodiagnostico205\limesurvey\framework\web\CWebApplication.php(141): CWebApplication->runController()
#4 C:\xampp\htdocs\autodiagnostico205\limesurvey\framework\base\CApplication.php(180): CWebApplication->processRequest()
#5 C:\xampp\htdocs\autodiagnostico205\sars\index.php(13): CWebApplication->run()
REQUEST_URI=/autodiagnostico205/sars/index.php/carga/index
in C:\xampp\htdocs\autodiagnostico205\sars\protected\controllers\CargaController.php (11)
in C:\xampp\htdocs\autodiagnostico205\sars\index.php (13)
2014/06/15 17:28:42 [error] [php] Undefined index: _tempName (C:\xampp\htdocs\autodiagnostico205\sars\protected\controllers\CargaController.php:11)
Stack trace:
#0 C:\xampp\htdocs\autodiagnostico205\limesurvey\framework\web\CController.php(286): CargaController->runAction()
#1 C:\xampp\htdocs\autodiagnostico205\limesurvey\framework\web\CController.php(265): CargaController->runActionWithFilters()
#2 C:\xampp\htdocs\autodiagnostico205\limesurvey\framework\web\CWebApplication.php(282): CargaController->run()
#3 C:\xampp\htdocs\autodiagnostico205\limesurvey\framework\web\CWebApplication.php(141): CWebApplication->runController()
#4 C:\xampp\htdocs\autodiagnostico205\limesurvey\framework\base\CApplication.php(180): CWebApplication->processRequest()
#5 C:\xampp\htdocs\autodiagnostico205\sars\index.php(13): CWebApplication->run()
REQUEST_URI=/autodiagnostico205/sars/index.php/carga/index
in C:\xampp\htdocs\autodiagnostico205\sars\protected\controllers\CargaController.php (11)
in C:\xampp\htdocs\autodiagnostico205\sars\index.php (13)
2014/06/16 19:52:54 [error] [php] Only variables should be passed by reference (C:\xampp\htdocs\autodiagnostico205\sars\protected\controllers\CargaController.php:47)
Stack trace:
#0 C:\xampp\htdocs\autodiagnostico205\limesurvey\framework\web\CController.php(308): CInlineAction->runWithParams()
#1 C:\xampp\htdocs\autodiagnostico205\limesurvey\framework\web\CController.php(286): CargaController->runAction()
#2 C:\xampp\htdocs\autodiagnostico205\limesurvey\framework\web\CController.php(265): CargaController->runActionWithFilters()
#3 C:\xampp\htdocs\autodiagnostico205\limesurvey\framework\web\CWebApplication.php(282): CargaController->run()
#4 C:\xampp\htdocs\autodiagnostico205\limesurvey\framework\web\CWebApplication.php(141): CWebApplication->runController()
#5 C:\xampp\htdocs\autodiagnostico205\limesurvey\framework\base\CApplication.php(180): CWebApplication->processRequest()
#6 C:\xampp\htdocs\autodiagnostico205\sars\index.php(13): CWebApplication->run()
REQUEST_URI=/autodiagnostico205/sars/index.php/carga/carga
in C:\xampp\htdocs\autodiagnostico205\sars\protected\controllers\CargaController.php (47)
in C:\xampp\htdocs\autodiagnostico205\sars\protected\controllers\CargaController.php (32)
in C:\xampp\htdocs\autodiagnostico205\sars\index.php (13)
2014/06/16 20:20:08 [error] [php] Use of undefined constant i - assumed 'i' (C:\xampp\htdocs\autodiagnostico205\sars\protected\controllers\CargaController.php:62)
Stack trace:
#0 C:\xampp\htdocs\autodiagnostico205\limesurvey\framework\web\CController.php(308): CInlineAction->runWithParams()
#1 C:\xampp\htdocs\autodiagnostico205\limesurvey\framework\web\CController.php(286): CargaController->runAction()
#2 C:\xampp\htdocs\autodiagnostico205\limesurvey\framework\web\CController.php(265): CargaController->runActionWithFilters()
#3 C:\xampp\htdocs\autodiagnostico205\limesurvey\framework\web\CWebApplication.php(282): CargaController->run()
#4 C:\xampp\htdocs\autodiagnostico205\limesurvey\framework\web\CWebApplication.php(141): CWebApplication->runController()
#5 C:\xampp\htdocs\autodiagnostico205\limesurvey\framework\base\CApplication.php(180): CWebApplication->processRequest()
#6 C:\xampp\htdocs\autodiagnostico205\sars\index.php(13): CWebApplication->run()
REQUEST_URI=/autodiagnostico205/sars/index.php/carga/carga
in C:\xampp\htdocs\autodiagnostico205\sars\protected\controllers\CargaController.php (62)
in C:\xampp\htdocs\autodiagnostico205\sars\protected\controllers\CargaController.php (32)
in C:\xampp\htdocs\autodiagnostico205\sars\index.php (13)
2014/06/16 20:20:49 [error] [php] Undefined variable: preg (C:\xampp\htdocs\autodiagnostico205\sars\protected\controllers\CargaController.php:64)
Stack trace:
#0 C:\xampp\htdocs\autodiagnostico205\limesurvey\framework\web\CController.php(308): CInlineAction->runWithParams()
#1 C:\xampp\htdocs\autodiagnostico205\limesurvey\framework\web\CController.php(286): CargaController->runAction()
#2 C:\xampp\htdocs\autodiagnostico205\limesurvey\framework\web\CController.php(265): CargaController->runActionWithFilters()
#3 C:\xampp\htdocs\autodiagnostico205\limesurvey\framework\web\CWebApplication.php(282): CargaController->run()
#4 C:\xampp\htdocs\autodiagnostico205\limesurvey\framework\web\CWebApplication.php(141): CWebApplication->runController()
#5 C:\xampp\htdocs\autodiagnostico205\limesurvey\framework\base\CApplication.php(180): CWebApplication->processRequest()
#6 C:\xampp\htdocs\autodiagnostico205\sars\index.php(13): CWebApplication->run()
REQUEST_URI=/autodiagnostico205/sars/index.php/carga/carga
in C:\xampp\htdocs\autodiagnostico205\sars\protected\controllers\CargaController.php (64)
in C:\xampp\htdocs\autodiagnostico205\sars\protected\controllers\CargaController.php (32)
in C:\xampp\htdocs\autodiagnostico205\sars\index.php (13)
2014/06/16 20:21:29 [error] [php] Undefined variable: preg (C:\xampp\htdocs\autodiagnostico205\sars\protected\controllers\CargaController.php:64)
Stack trace:
#0 C:\xampp\htdocs\autodiagnostico205\limesurvey\framework\web\CController.php(308): CInlineAction->runWithParams()
#1 C:\xampp\htdocs\autodiagnostico205\limesurvey\framework\web\CController.php(286): CargaController->runAction()
#2 C:\xampp\htdocs\autodiagnostico205\limesurvey\framework\web\CController.php(265): CargaController->runActionWithFilters()
#3 C:\xampp\htdocs\autodiagnostico205\limesurvey\framework\web\CWebApplication.php(282): CargaController->run()
#4 C:\xampp\htdocs\autodiagnostico205\limesurvey\framework\web\CWebApplication.php(141): CWebApplication->runController()
#5 C:\xampp\htdocs\autodiagnostico205\limesurvey\framework\base\CApplication.php(180): CWebApplication->processRequest()
#6 C:\xampp\htdocs\autodiagnostico205\sars\index.php(13): CWebApplication->run()
REQUEST_URI=/autodiagnostico205/sars/index.php/carga/carga
in C:\xampp\htdocs\autodiagnostico205\sars\protected\controllers\CargaController.php (64)
in C:\xampp\htdocs\autodiagnostico205\sars\protected\controllers\CargaController.php (32)
in C:\xampp\htdocs\autodiagnostico205\sars\index.php (13)
2014/06/16 20:31:36 [error] [system.db.CDbCommand] CDbCommand::execute() failed: SQLSTATE[23000]: Integrity constraint violation: 1062 Duplicate entry '2' for key 'PRIMARY'. The SQL statement executed was: INSERT INTO `pregunta` (`idpregunta`, `pregunta`) VALUES (:yp0, :yp1).
in C:\xampp\htdocs\autodiagnostico205\sars\protected\controllers\CargaController.php (72)
in C:\xampp\htdocs\autodiagnostico205\sars\protected\controllers\CargaController.php (32)
in C:\xampp\htdocs\autodiagnostico205\sars\index.php (13)
2014/06/16 20:31:36 [error] [exception.CDbException] exception 'CDbException' with message 'CDbCommand failed to execute the SQL statement: SQLSTATE[23000]: Integrity constraint violation: 1062 Duplicate entry '2' for key 'PRIMARY'. The SQL statement executed was: INSERT INTO `pregunta` (`idpregunta`, `pregunta`) VALUES (:yp0, :yp1)' in C:\xampp\htdocs\autodiagnostico205\limesurvey\framework\db\CDbCommand.php:358
Stack trace:
#0 C:\xampp\htdocs\autodiagnostico205\limesurvey\framework\db\ar\CActiveRecord.php(1077): CDbCommand->execute()
#1 C:\xampp\htdocs\autodiagnostico205\limesurvey\framework\db\ar\CActiveRecord.php(806): CActiveRecord->insert(NULL)
#2 C:\xampp\htdocs\autodiagnostico205\sars\protected\controllers\CargaController.php(72): CActiveRecord->save()
#3 C:\xampp\htdocs\autodiagnostico205\sars\protected\controllers\CargaController.php(32): CargaController->guardarpreguntas(Array)
#4 C:\xampp\htdocs\autodiagnostico205\limesurvey\framework\web\actions\CInlineAction.php(49): CargaController->actionCarga()
#5 C:\xampp\htdocs\autodiagnostico205\limesurvey\framework\web\CController.php(308): CInlineAction->runWithParams(Array)
#6 C:\xampp\htdocs\autodiagnostico205\limesurvey\framework\web\CController.php(286): CController->runAction(Object(CInlineAction))
#7 C:\xampp\htdocs\autodiagnostico205\limesurvey\framework\web\CController.php(265): CController->runActionWithFilters(Object(CInlineAction), Array)
#8 C:\xampp\htdocs\autodiagnostico205\limesurvey\framework\web\CWebApplication.php(282): CController->run('carga')
#9 C:\xampp\htdocs\autodiagnostico205\limesurvey\framework\web\CWebApplication.php(141): CWebApplication->runController('carga/carga')
#10 C:\xampp\htdocs\autodiagnostico205\limesurvey\framework\base\CApplication.php(180): CWebApplication->processRequest()
#11 C:\xampp\htdocs\autodiagnostico205\sars\index.php(13): CApplication->run()
#12 {main}
REQUEST_URI=/autodiagnostico205/sars/index.php/carga/carga
HTTP_REFERER=http://localhost/autodiagnostico205/sars/index.php/carga/carga
---
2014/06/16 20:32:09 [error] [php] Undefined offset: 56 (C:\xampp\htdocs\autodiagnostico205\sars\protected\controllers\CargaController.php:66)
Stack trace:
#0 C:\xampp\htdocs\autodiagnostico205\limesurvey\framework\web\CController.php(308): CInlineAction->runWithParams()
#1 C:\xampp\htdocs\autodiagnostico205\limesurvey\framework\web\CController.php(286): CargaController->runAction()
#2 C:\xampp\htdocs\autodiagnostico205\limesurvey\framework\web\CController.php(265): CargaController->runActionWithFilters()
#3 C:\xampp\htdocs\autodiagnostico205\limesurvey\framework\web\CWebApplication.php(282): CargaController->run()
#4 C:\xampp\htdocs\autodiagnostico205\limesurvey\framework\web\CWebApplication.php(141): CWebApplication->runController()
#5 C:\xampp\htdocs\autodiagnostico205\limesurvey\framework\base\CApplication.php(180): CWebApplication->processRequest()
#6 C:\xampp\htdocs\autodiagnostico205\sars\index.php(13): CWebApplication->run()
REQUEST_URI=/autodiagnostico205/sars/index.php/carga/carga
in C:\xampp\htdocs\autodiagnostico205\sars\protected\controllers\CargaController.php (66)
in C:\xampp\htdocs\autodiagnostico205\sars\protected\controllers\CargaController.php (32)
in C:\xampp\htdocs\autodiagnostico205\sars\index.php (13)
2014/06/16 20:39:42 [error] [php] Undefined variable: idpregunta (C:\xampp\htdocs\autodiagnostico205\sars\protected\controllers\CargaController.php:72)
Stack trace:
#0 C:\xampp\htdocs\autodiagnostico205\limesurvey\framework\web\CController.php(308): CInlineAction->runWithParams()
#1 C:\xampp\htdocs\autodiagnostico205\limesurvey\framework\web\CController.php(286): CargaController->runAction()
#2 C:\xampp\htdocs\autodiagnostico205\limesurvey\framework\web\CController.php(265): CargaController->runActionWithFilters()
#3 C:\xampp\htdocs\autodiagnostico205\limesurvey\framework\web\CWebApplication.php(282): CargaController->run()
#4 C:\xampp\htdocs\autodiagnostico205\limesurvey\framework\web\CWebApplication.php(141): CWebApplication->runController()
#5 C:\xampp\htdocs\autodiagnostico205\limesurvey\framework\base\CApplication.php(180): CWebApplication->processRequest()
#6 C:\xampp\htdocs\autodiagnostico205\sars\index.php(13): CWebApplication->run()
REQUEST_URI=/autodiagnostico205/sars/index.php/carga/carga
in C:\xampp\htdocs\autodiagnostico205\sars\protected\controllers\CargaController.php (72)
in C:\xampp\htdocs\autodiagnostico205\sars\protected\controllers\CargaController.php (32)
in C:\xampp\htdocs\autodiagnostico205\sars\index.php (13)
2014/06/16 20:39:52 [error] [system.db.CDbCommand] CDbCommand::execute() failed: SQLSTATE[23000]: Integrity constraint violation: 1062 Duplicate entry '1' for key 'PRIMARY'. The SQL statement executed was: INSERT INTO `pregunta` (`idpregunta`, `pregunta`) VALUES (:yp0, :yp1).
in C:\xampp\htdocs\autodiagnostico205\sars\protected\controllers\CargaController.php (70)
in C:\xampp\htdocs\autodiagnostico205\sars\protected\controllers\CargaController.php (32)
in C:\xampp\htdocs\autodiagnostico205\sars\index.php (13)
2014/06/16 20:39:52 [error] [exception.CDbException] exception 'CDbException' with message 'CDbCommand failed to execute the SQL statement: SQLSTATE[23000]: Integrity constraint violation: 1062 Duplicate entry '1' for key 'PRIMARY'. The SQL statement executed was: INSERT INTO `pregunta` (`idpregunta`, `pregunta`) VALUES (:yp0, :yp1)' in C:\xampp\htdocs\autodiagnostico205\limesurvey\framework\db\CDbCommand.php:358
Stack trace:
#0 C:\xampp\htdocs\autodiagnostico205\limesurvey\framework\db\ar\CActiveRecord.php(1077): CDbCommand->execute()
#1 C:\xampp\htdocs\autodiagnostico205\limesurvey\framework\db\ar\CActiveRecord.php(806): CActiveRecord->insert(NULL)
#2 C:\xampp\htdocs\autodiagnostico205\sars\protected\controllers\CargaController.php(70): CActiveRecord->save()
#3 C:\xampp\htdocs\autodiagnostico205\sars\protected\controllers\CargaController.php(32): CargaController->guardarpreguntas(Array)
#4 C:\xampp\htdocs\autodiagnostico205\limesurvey\framework\web\actions\CInlineAction.php(49): CargaController->actionCarga()
#5 C:\xampp\htdocs\autodiagnostico205\limesurvey\framework\web\CController.php(308): CInlineAction->runWithParams(Array)
#6 C:\xampp\htdocs\autodiagnostico205\limesurvey\framework\web\CController.php(286): CController->runAction(Object(CInlineAction))
#7 C:\xampp\htdocs\autodiagnostico205\limesurvey\framework\web\CController.php(265): CController->runActionWithFilters(Object(CInlineAction), Array)
#8 C:\xampp\htdocs\autodiagnostico205\limesurvey\framework\web\CWebApplication.php(282): CController->run('carga')
#9 C:\xampp\htdocs\autodiagnostico205\limesurvey\framework\web\CWebApplication.php(141): CWebApplication->runController('carga/carga')
#10 C:\xampp\htdocs\autodiagnostico205\limesurvey\framework\base\CApplication.php(180): CWebApplication->processRequest()
#11 C:\xampp\htdocs\autodiagnostico205\sars\index.php(13): CApplication->run()
#12 {main}
REQUEST_URI=/autodiagnostico205/sars/index.php/carga/carga
HTTP_REFERER=http://localhost/autodiagnostico205/sars/index.php/carga/carga
---
2014/06/16 20:47:10 [error] [php] Undefined variable: mensaje (C:\xampp\htdocs\autodiagnostico205\sars\protected\views\carga\carga.php:30)
Stack trace:
#0 C:\xampp\htdocs\autodiagnostico205\limesurvey\framework\web\CController.php(869): CargaController->renderFile()
#1 C:\xampp\htdocs\autodiagnostico205\limesurvey\framework\web\CController.php(782): CargaController->renderPartial()
#2 C:\xampp\htdocs\autodiagnostico205\sars\protected\controllers\CargaController.php(47): CargaController->render()
#3 C:\xampp\htdocs\autodiagnostico205\limesurvey\framework\web\actions\CInlineAction.php(49): CargaController->actionCarga()
#4 C:\xampp\htdocs\autodiagnostico205\limesurvey\framework\web\CController.php(308): CInlineAction->runWithParams()
#5 C:\xampp\htdocs\autodiagnostico205\limesurvey\framework\web\CController.php(286): CargaController->runAction()
#6 C:\xampp\htdocs\autodiagnostico205\limesurvey\framework\web\CController.php(265): CargaController->runActionWithFilters()
#7 C:\xampp\htdocs\autodiagnostico205\limesurvey\framework\web\CWebApplication.php(282): CargaController->run()
#8 C:\xampp\htdocs\autodiagnostico205\limesurvey\framework\web\CWebApplication.php(141): CWebApplication->runController()
#9 C:\xampp\htdocs\autodiagnostico205\limesurvey\framework\base\CApplication.php(180): CWebApplication->processRequest()
#10 C:\xampp\htdocs\autodiagnostico205\sars\index.php(13): CWebApplication->run()
REQUEST_URI=/autodiagnostico205/sars/index.php/carga/carga
in C:\xampp\htdocs\autodiagnostico205\sars\protected\views\carga\carga.php (30)
in C:\xampp\htdocs\autodiagnostico205\sars\protected\controllers\CargaController.php (47)
in C:\xampp\htdocs\autodiagnostico205\sars\index.php (13)
2014/06/16 20:48:11 [error] [php] Undefined variable: mensaje (C:\xampp\htdocs\autodiagnostico205\sars\protected\views\carga\carga.php:30)
Stack trace:
#0 C:\xampp\htdocs\autodiagnostico205\limesurvey\framework\web\CController.php(869): CargaController->renderFile()
#1 C:\xampp\htdocs\autodiagnostico205\limesurvey\framework\web\CController.php(782): CargaController->renderPartial()
#2 C:\xampp\htdocs\autodiagnostico205\sars\protected\controllers\CargaController.php(48): CargaController->render()
#3 C:\xampp\htdocs\autodiagnostico205\limesurvey\framework\web\actions\CInlineAction.php(49): CargaController->actionCarga()
#4 C:\xampp\htdocs\autodiagnostico205\limesurvey\framework\web\CController.php(308): CInlineAction->runWithParams()
#5 C:\xampp\htdocs\autodiagnostico205\limesurvey\framework\web\CController.php(286): CargaController->runAction()
#6 C:\xampp\htdocs\autodiagnostico205\limesurvey\framework\web\CController.php(265): CargaController->runActionWithFilters()
#7 C:\xampp\htdocs\autodiagnostico205\limesurvey\framework\web\CWebApplication.php(282): CargaController->run()
#8 C:\xampp\htdocs\autodiagnostico205\limesurvey\framework\web\CWebApplication.php(141): CWebApplication->runController()
#9 C:\xampp\htdocs\autodiagnostico205\limesurvey\framework\base\CApplication.php(180): CWebApplication->processRequest()
#10 C:\xampp\htdocs\autodiagnostico205\sars\index.php(13): CWebApplication->run()
REQUEST_URI=/autodiagnostico205/sars/index.php/carga/carga
in C:\xampp\htdocs\autodiagnostico205\sars\protected\views\carga\carga.php (30)
in C:\xampp\htdocs\autodiagnostico205\sars\protected\controllers\CargaController.php (48)
in C:\xampp\htdocs\autodiagnostico205\sars\index.php (13)
2014/06/16 20:50:56 [error] [php] Undefined variable: mensaje (C:\xampp\htdocs\autodiagnostico205\sars\protected\views\carga\carga.php:30)
Stack trace:
#0 C:\xampp\htdocs\autodiagnostico205\limesurvey\framework\web\CController.php(869): CargaController->renderFile()
#1 C:\xampp\htdocs\autodiagnostico205\limesurvey\framework\web\CController.php(782): CargaController->renderPartial()
#2 C:\xampp\htdocs\autodiagnostico205\sars\protected\controllers\CargaController.php(48): CargaController->render()
#3 C:\xampp\htdocs\autodiagnostico205\limesurvey\framework\web\actions\CInlineAction.php(49): CargaController->actionCarga()
#4 C:\xampp\htdocs\autodiagnostico205\limesurvey\framework\web\CController.php(308): CInlineAction->runWithParams()
#5 C:\xampp\htdocs\autodiagnostico205\limesurvey\framework\web\CController.php(286): CargaController->runAction()
#6 C:\xampp\htdocs\autodiagnostico205\limesurvey\framework\web\CController.php(265): CargaController->runActionWithFilters()
#7 C:\xampp\htdocs\autodiagnostico205\limesurvey\framework\web\CWebApplication.php(282): CargaController->run()
#8 C:\xampp\htdocs\autodiagnostico205\limesurvey\framework\web\CWebApplication.php(141): CWebApplication->runController()
#9 C:\xampp\htdocs\autodiagnostico205\limesurvey\framework\base\CApplication.php(180): CWebApplication->processRequest()
#10 C:\xampp\htdocs\autodiagnostico205\sars\index.php(13): CWebApplication->run()
REQUEST_URI=/autodiagnostico205/sars/index.php/carga/carga
in C:\xampp\htdocs\autodiagnostico205\sars\protected\views\carga\carga.php (30)
in C:\xampp\htdocs\autodiagnostico205\sars\protected\controllers\CargaController.php (48)
in C:\xampp\htdocs\autodiagnostico205\sars\index.php (13)
2014/06/16 20:53:00 [error] [php] Undefined variable: mensaje (C:\xampp\htdocs\autodiagnostico205\sars\protected\views\carga\carga.php:30)
Stack trace:
#0 C:\xampp\htdocs\autodiagnostico205\limesurvey\framework\web\CController.php(869): CargaController->renderFile()
#1 C:\xampp\htdocs\autodiagnostico205\limesurvey\framework\web\CController.php(782): CargaController->renderPartial()
#2 C:\xampp\htdocs\autodiagnostico205\sars\protected\controllers\CargaController.php(48): CargaController->render()
#3 C:\xampp\htdocs\autodiagnostico205\limesurvey\framework\web\actions\CInlineAction.php(49): CargaController->actionCarga()
#4 C:\xampp\htdocs\autodiagnostico205\limesurvey\framework\web\CController.php(308): CInlineAction->runWithParams()
#5 C:\xampp\htdocs\autodiagnostico205\limesurvey\framework\web\CController.php(286): CargaController->runAction()
#6 C:\xampp\htdocs\autodiagnostico205\limesurvey\framework\web\CController.php(265): CargaController->runActionWithFilters()
#7 C:\xampp\htdocs\autodiagnostico205\limesurvey\framework\web\CWebApplication.php(282): CargaController->run()
#8 C:\xampp\htdocs\autodiagnostico205\limesurvey\framework\web\CWebApplication.php(141): CWebApplication->runController()
#9 C:\xampp\htdocs\autodiagnostico205\limesurvey\framework\base\CApplication.php(180): CWebApplication->processRequest()
#10 C:\xampp\htdocs\autodiagnostico205\sars\index.php(13): CWebApplication->run()
REQUEST_URI=/autodiagnostico205/sars/index.php/carga/carga
in C:\xampp\htdocs\autodiagnostico205\sars\protected\views\carga\carga.php (30)
in C:\xampp\htdocs\autodiagnostico205\sars\protected\controllers\CargaController.php (48)
in C:\xampp\htdocs\autodiagnostico205\sars\index.php (13)
2014/06/16 20:55:39 [error] [php] Undefined variable: mensaje (C:\xampp\htdocs\autodiagnostico205\sars\protected\views\carga\carga.php:30)
Stack trace:
#0 C:\xampp\htdocs\autodiagnostico205\limesurvey\framework\web\CController.php(869): CargaController->renderFile()
#1 C:\xampp\htdocs\autodiagnostico205\limesurvey\framework\web\CController.php(782): CargaController->renderPartial()
#2 C:\xampp\htdocs\autodiagnostico205\sars\protected\controllers\CargaController.php(43): CargaController->render()
#3 C:\xampp\htdocs\autodiagnostico205\limesurvey\framework\web\actions\CInlineAction.php(49): CargaController->actionCarga()
#4 C:\xampp\htdocs\autodiagnostico205\limesurvey\framework\web\CController.php(308): CInlineAction->runWithParams()
#5 C:\xampp\htdocs\autodiagnostico205\limesurvey\framework\web\CController.php(286): CargaController->runAction()
#6 C:\xampp\htdocs\autodiagnostico205\limesurvey\framework\web\CController.php(265): CargaController->runActionWithFilters()
#7 C:\xampp\htdocs\autodiagnostico205\limesurvey\framework\web\CWebApplication.php(282): CargaController->run()
#8 C:\xampp\htdocs\autodiagnostico205\limesurvey\framework\web\CWebApplication.php(141): CWebApplication->runController()
#9 C:\xampp\htdocs\autodiagnostico205\limesurvey\framework\base\CApplication.php(180): CWebApplication->processRequest()
#10 C:\xampp\htdocs\autodiagnostico205\sars\index.php(13): CWebApplication->run()
REQUEST_URI=/autodiagnostico205/sars/index.php/carga/carga
in C:\xampp\htdocs\autodiagnostico205\sars\protected\views\carga\carga.php (30)
in C:\xampp\htdocs\autodiagnostico205\sars\protected\controllers\CargaController.php (43)
in C:\xampp\htdocs\autodiagnostico205\sars\index.php (13)
2014/06/16 20:56:30 [error] [php] Undefined variable: mensaje (C:\xampp\htdocs\autodiagnostico205\sars\protected\views\carga\carga.php:30)
Stack trace:
#0 C:\xampp\htdocs\autodiagnostico205\limesurvey\framework\web\CController.php(869): CargaController->renderFile()
#1 C:\xampp\htdocs\autodiagnostico205\limesurvey\framework\web\CController.php(782): CargaController->renderPartial()
#2 C:\xampp\htdocs\autodiagnostico205\sars\protected\controllers\CargaController.php(43): CargaController->render()
#3 C:\xampp\htdocs\autodiagnostico205\limesurvey\framework\web\actions\CInlineAction.php(49): CargaController->actionCarga()
#4 C:\xampp\htdocs\autodiagnostico205\limesurvey\framework\web\CController.php(308): CInlineAction->runWithParams()
#5 C:\xampp\htdocs\autodiagnostico205\limesurvey\framework\web\CController.php(286): CargaController->runAction()
#6 C:\xampp\htdocs\autodiagnostico205\limesurvey\framework\web\CController.php(265): CargaController->runActionWithFilters()
#7 C:\xampp\htdocs\autodiagnostico205\limesurvey\framework\web\CWebApplication.php(282): CargaController->run()
#8 C:\xampp\htdocs\autodiagnostico205\limesurvey\framework\web\CWebApplication.php(141): CWebApplication->runController()
#9 C:\xampp\htdocs\autodiagnostico205\limesurvey\framework\base\CApplication.php(180): CWebApplication->processRequest()
#10 C:\xampp\htdocs\autodiagnostico205\sars\index.php(13): CWebApplication->run()
REQUEST_URI=/autodiagnostico205/sars/index.php/carga/carga
in C:\xampp\htdocs\autodiagnostico205\sars\protected\views\carga\carga.php (30)
in C:\xampp\htdocs\autodiagnostico205\sars\protected\controllers\CargaController.php (43)
in C:\xampp\htdocs\autodiagnostico205\sars\index.php (13)
2014/06/16 20:58:44 [error] [php] Illegal string offset 'mensaje' (C:\xampp\htdocs\autodiagnostico205\sars\protected\views\carga\carga.php:30)
Stack trace:
#0 C:\xampp\htdocs\autodiagnostico205\limesurvey\framework\web\CController.php(869): CargaController->renderFile()
#1 C:\xampp\htdocs\autodiagnostico205\limesurvey\framework\web\CController.php(782): CargaController->renderPartial()
#2 C:\xampp\htdocs\autodiagnostico205\sars\protected\controllers\CargaController.php(47): CargaController->render()
#3 C:\xampp\htdocs\autodiagnostico205\limesurvey\framework\web\actions\CInlineAction.php(49): CargaController->actionCarga()
#4 C:\xampp\htdocs\autodiagnostico205\limesurvey\framework\web\CController.php(308): CInlineAction->runWithParams()
#5 C:\xampp\htdocs\autodiagnostico205\limesurvey\framework\web\CController.php(286): CargaController->runAction()
#6 C:\xampp\htdocs\autodiagnostico205\limesurvey\framework\web\CController.php(265): CargaController->runActionWithFilters()
#7 C:\xampp\htdocs\autodiagnostico205\limesurvey\framework\web\CWebApplication.php(282): CargaController->run()
#8 C:\xampp\htdocs\autodiagnostico205\limesurvey\framework\web\CWebApplication.php(141): CWebApplication->runController()
#9 C:\xampp\htdocs\autodiagnostico205\limesurvey\framework\base\CApplication.php(180): CWebApplication->processRequest()
#10 C:\xampp\htdocs\autodiagnostico205\sars\index.php(13): CWebApplication->run()
REQUEST_URI=/autodiagnostico205/sars/index.php/carga/carga
in C:\xampp\htdocs\autodiagnostico205\sars\protected\views\carga\carga.php (30)
in C:\xampp\htdocs\autodiagnostico205\sars\protected\controllers\CargaController.php (47)
in C:\xampp\htdocs\autodiagnostico205\sars\index.php (13)
2014/06/16 20:59:04 [error] [php] Uninitialized string offset: 0 (C:\xampp\htdocs\autodiagnostico205\sars\protected\views\carga\carga.php:30)
Stack trace:
#0 C:\xampp\htdocs\autodiagnostico205\limesurvey\framework\web\CController.php(869): CargaController->renderFile()
#1 C:\xampp\htdocs\autodiagnostico205\limesurvey\framework\web\CController.php(782): CargaController->renderPartial()
#2 C:\xampp\htdocs\autodiagnostico205\sars\protected\controllers\CargaController.php(47): CargaController->render()
#3 C:\xampp\htdocs\autodiagnostico205\limesurvey\framework\web\actions\CInlineAction.php(49): CargaController->actionCarga()
#4 C:\xampp\htdocs\autodiagnostico205\limesurvey\framework\web\CController.php(308): CInlineAction->runWithParams()
#5 C:\xampp\htdocs\autodiagnostico205\limesurvey\framework\web\CController.php(286): CargaController->runAction()
#6 C:\xampp\htdocs\autodiagnostico205\limesurvey\framework\web\CController.php(265): CargaController->runActionWithFilters()
#7 C:\xampp\htdocs\autodiagnostico205\limesurvey\framework\web\CWebApplication.php(282): CargaController->run()
#8 C:\xampp\htdocs\autodiagnostico205\limesurvey\framework\web\CWebApplication.php(141): CWebApplication->runController()
#9 C:\xampp\htdocs\autodiagnostico205\limesurvey\framework\base\CApplication.php(180): CWebApplication->processRequest()
#10 C:\xampp\htdocs\autodiagnostico205\sars\index.php(13): CWebApplication->run()
REQUEST_URI=/autodiagnostico205/sars/index.php/carga/carga
in C:\xampp\htdocs\autodiagnostico205\sars\protected\views\carga\carga.php (30)
in C:\xampp\htdocs\autodiagnostico205\sars\protected\controllers\CargaController.php (47)
in C:\xampp\htdocs\autodiagnostico205\sars\index.php (13)
2014/06/16 21:19:11 [error] [php] Undefined variable: guardarpreguntas (C:\xampp\htdocs\autodiagnostico205\sars\protected\controllers\CargaController.php:31)
Stack trace:
#0 C:\xampp\htdocs\autodiagnostico205\limesurvey\framework\web\CController.php(286): CargaController->runAction()
#1 C:\xampp\htdocs\autodiagnostico205\limesurvey\framework\web\CController.php(265): CargaController->runActionWithFilters()
#2 C:\xampp\htdocs\autodiagnostico205\limesurvey\framework\web\CWebApplication.php(282): CargaController->run()
#3 C:\xampp\htdocs\autodiagnostico205\limesurvey\framework\web\CWebApplication.php(141): CWebApplication->runController()
#4 C:\xampp\htdocs\autodiagnostico205\limesurvey\framework\base\CApplication.php(180): CWebApplication->processRequest()
#5 C:\xampp\htdocs\autodiagnostico205\sars\index.php(13): CWebApplication->run()
REQUEST_URI=/autodiagnostico205/sars/index.php/carga/carga
in C:\xampp\htdocs\autodiagnostico205\sars\protected\controllers\CargaController.php (31)
in C:\xampp\htdocs\autodiagnostico205\sars\index.php (13)
2014/06/21 17:14:56 [error] [exception.CHttpException.404] exception 'CHttpException' with message 'The system is unable to find the requested action "basico".' in C:\xampp\htdocs\autodiagnostico205\limesurvey\framework\web\CController.php:483
Stack trace:
#0 C:\xampp\htdocs\autodiagnostico205\limesurvey\framework\web\CController.php(270): CController->missingAction('basico')
#1 C:\xampp\htdocs\autodiagnostico205\limesurvey\framework\web\CWebApplication.php(282): CController->run('basico')
#2 C:\xampp\htdocs\autodiagnostico205\limesurvey\framework\web\CWebApplication.php(141): CWebApplication->runController('reportes/basico')
#3 C:\xampp\htdocs\autodiagnostico205\limesurvey\framework\base\CApplication.php(180): CWebApplication->processRequest()
#4 C:\xampp\htdocs\autodiagnostico205\sars\index.php(13): CApplication->run()
#5 {main}
REQUEST_URI=/autodiagnostico205/sars/index.php/reportes/basico
HTTP_REFERER=http://localhost/autodiagnostico205/sars/index.php/reportes/index
---
2014/06/21 17:19:02 [error] [exception.CHttpException.404] exception 'CHttpException' with message 'The system is unable to find the requested action "basico".' in C:\xampp\htdocs\autodiagnostico205\limesurvey\framework\web\CController.php:483
Stack trace:
#0 C:\xampp\htdocs\autodiagnostico205\limesurvey\framework\web\CController.php(270): CController->missingAction('basico')
#1 C:\xampp\htdocs\autodiagnostico205\limesurvey\framework\web\CWebApplication.php(282): CController->run('basico')
#2 C:\xampp\htdocs\autodiagnostico205\limesurvey\framework\web\CWebApplication.php(141): CWebApplication->runController('reportes/basico')
#3 C:\xampp\htdocs\autodiagnostico205\limesurvey\framework\base\CApplication.php(180): CWebApplication->processRequest()
#4 C:\xampp\htdocs\autodiagnostico205\sars\index.php(13): CApplication->run()
#5 {main}
REQUEST_URI=/autodiagnostico205/sars/index.php/reportes/basico
HTTP_REFERER=http://localhost/autodiagnostico205/sars/index.php/reportes/index
---
2014/06/21 17:43:36 [error] [php] Object of class Ano could not be converted to string (C:\xampp\htdocs\autodiagnostico205\limesurvey\framework\web\helpers\CHtml.php:2343)
Stack trace:
#0 C:\xampp\htdocs\autodiagnostico205\limesurvey\framework\web\CBaseController.php(126): require()
#1 C:\xampp\htdocs\autodiagnostico205\limesurvey\framework\web\CBaseController.php(95): ReportesController->renderInternal()
#2 C:\xampp\htdocs\autodiagnostico205\limesurvey\framework\web\CController.php(869): ReportesController->renderFile()
#3 C:\xampp\htdocs\autodiagnostico205\limesurvey\framework\web\CController.php(782): ReportesController->renderPartial()
#4 C:\xampp\htdocs\autodiagnostico205\sars\protected\controllers\ReportesController.php(17): ReportesController->render()
#5 C:\xampp\htdocs\autodiagnostico205\limesurvey\framework\web\actions\CInlineAction.php(49): ReportesController->actionBasico()
#6 C:\xampp\htdocs\autodiagnostico205\limesurvey\framework\web\CController.php(308): CInlineAction->runWithParams()
#7 C:\xampp\htdocs\autodiagnostico205\limesurvey\framework\web\CController.php(286): ReportesController->runAction()
#8 C:\xampp\htdocs\autodiagnostico205\limesurvey\framework\web\CController.php(265): ReportesController->runActionWithFilters()
#9 C:\xampp\htdocs\autodiagnostico205\limesurvey\framework\web\CWebApplication.php(282): ReportesController->run()
#10 C:\xampp\htdocs\autodiagnostico205\limesurvey\framework\web\CWebApplication.php(141): CWebApplication->runController()
#11 C:\xampp\htdocs\autodiagnostico205\limesurvey\framework\base\CApplication.php(180): CWebApplication->processRequest()
#12 C:\xampp\htdocs\autodiagnostico205\sars\index.php(13): CWebApplication->run()
REQUEST_URI=/autodiagnostico205/sars/index.php/reportes/basico
in C:\xampp\htdocs\autodiagnostico205\sars\protected\views\reportes\basico.php (20)
in C:\xampp\htdocs\autodiagnostico205\sars\protected\controllers\ReportesController.php (17)
in C:\xampp\htdocs\autodiagnostico205\sars\index.php (13)
2014/06/21 21:25:03 [error] [php] Invalid argument supplied for foreach() (C:\xampp\htdocs\autodiagnostico205\sars\protected\components\Reportes.php:78)
Stack trace:
#0 C:\xampp\htdocs\autodiagnostico205\limesurvey\framework\web\actions\CInlineAction.php(49): ReportesController->actionBasico()
#1 C:\xampp\htdocs\autodiagnostico205\limesurvey\framework\web\CController.php(308): CInlineAction->runWithParams()
#2 C:\xampp\htdocs\autodiagnostico205\limesurvey\framework\web\CController.php(286): ReportesController->runAction()
#3 C:\xampp\htdocs\autodiagnostico205\limesurvey\framework\web\CController.php(265): ReportesController->runActionWithFilters()
#4 C:\xampp\htdocs\autodiagnostico205\limesurvey\framework\web\CWebApplication.php(282): ReportesController->run()
#5 C:\xampp\htdocs\autodiagnostico205\limesurvey\framework\web\CWebApplication.php(141): CWebApplication->runController()
#6 C:\xampp\htdocs\autodiagnostico205\limesurvey\framework\base\CApplication.php(180): CWebApplication->processRequest()
#7 C:\xampp\htdocs\autodiagnostico205\sars\index.php(13): CWebApplication->run()
REQUEST_URI=/autodiagnostico205/sars/index.php/reportes/basico
in C:\xampp\htdocs\autodiagnostico205\sars\protected\components\Reportes.php (78)
in C:\xampp\htdocs\autodiagnostico205\sars\protected\components\Reportes.php (36)
in C:\xampp\htdocs\autodiagnostico205\sars\protected\controllers\ReportesController.php (22)
2014/06/21 21:27:05 [error] [php] Invalid argument supplied for foreach() (C:\xampp\htdocs\autodiagnostico205\sars\protected\components\Reportes.php:78)
Stack trace:
#0 C:\xampp\htdocs\autodiagnostico205\limesurvey\framework\web\actions\CInlineAction.php(49): ReportesController->actionBasico()
#1 C:\xampp\htdocs\autodiagnostico205\limesurvey\framework\web\CController.php(308): CInlineAction->runWithParams()
#2 C:\xampp\htdocs\autodiagnostico205\limesurvey\framework\web\CController.php(286): ReportesController->runAction()
#3 C:\xampp\htdocs\autodiagnostico205\limesurvey\framework\web\CController.php(265): ReportesController->runActionWithFilters()
#4 C:\xampp\htdocs\autodiagnostico205\limesurvey\framework\web\CWebApplication.php(282): ReportesController->run()
#5 C:\xampp\htdocs\autodiagnostico205\limesurvey\framework\web\CWebApplication.php(141): CWebApplication->runController()
#6 C:\xampp\htdocs\autodiagnostico205\limesurvey\framework\base\CApplication.php(180): CWebApplication->processRequest()
#7 C:\xampp\htdocs\autodiagnostico205\sars\index.php(13): CWebApplication->run()
REQUEST_URI=/autodiagnostico205/sars/index.php/reportes/basico
in C:\xampp\htdocs\autodiagnostico205\sars\protected\components\Reportes.php (78)
in C:\xampp\htdocs\autodiagnostico205\sars\protected\components\Reportes.php (36)
in C:\xampp\htdocs\autodiagnostico205\sars\protected\controllers\ReportesController.php (22)
